[debug] [2023-03-08T16:52:02.537Z] ----------------------------------------------------------------------
[debug] [2023-03-08T16:52:02.549Z] Command:       C:\Program Files\nodejs\node.exe C:\Users\Kunal\AppData\Roaming\npm\node_modules\firebase-tools\lib\bin\firebase.js deploy
[debug] [2023-03-08T16:52:02.549Z] CLI Version:   11.24.0
[debug] [2023-03-08T16:52:02.549Z] Platform:      win32
[debug] [2023-03-08T16:52:02.550Z] Node Version:  v19.4.0
[debug] [2023-03-08T16:52:02.550Z] Time:          Wed Mar 08 2023 22:22:02 GMT+0530 (India Standard Time)
[debug] [2023-03-08T16:52:02.550Z] ----------------------------------------------------------------------
[debug] 
[debug] [2023-03-08T16:52:02.554Z] >>> [apiv2][query] GET https://firebase-public.firebaseio.com/cli.json [none]
[debug] [2023-03-08T16:52:02.706Z] > command requires scopes: ["email","openid","https://www.googleapis.com/auth/cloudplatformprojects.readonly","https://www.googleapis.com/auth/firebase","https://www.googleapis.com/auth/cloud-platform"]
[debug] [2023-03-08T16:52:02.706Z] > authorizing via signed-in user (kunalshokeen051@gmail.com)
[debug] [2023-03-08T16:52:02.707Z] [iam] checking project movie-deekho for permissions ["firebase.projects.get","firebasehosting.sites.update"]
[debug] [2023-03-08T16:52:02.708Z] > refreshing access token with scopes: []
[debug] [2023-03-08T16:52:02.709Z] >>> [apiv2][query] POST https://www.googleapis.com/oauth2/v3/token [none]
[debug] [2023-03-08T16:52:02.709Z] >>> [apiv2][body] POST https://www.googleapis.com/oauth2/v3/token [omitted]
[debug] [2023-03-08T16:52:02.948Z] <<< [apiv2][status] POST https://www.googleapis.com/oauth2/v3/token 200
[debug] [2023-03-08T16:52:02.949Z] <<< [apiv2][body] POST https://www.googleapis.com/oauth2/v3/token [omitted]
[debug] [2023-03-08T16:52:02.962Z] >>> [apiv2][query] POST https://cloudresourcemanager.googleapis.com/v1/projects/movie-deekho:testIamPermissions [none]
[debug] [2023-03-08T16:52:02.962Z] >>> [apiv2][(partial)header] POST https://cloudresourcemanager.googleapis.com/v1/projects/movie-deekho:testIamPermissions x-goog-quota-user=projects/movie-deekho
[debug] [2023-03-08T16:52:02.963Z] >>> [apiv2][body] POST https://cloudresourcemanager.googleapis.com/v1/projects/movie-deekho:testIamPermissions {"permissions":["firebase.projects.get","firebasehosting.sites.update"]}
[debug] [2023-03-08T16:52:03.533Z] <<< [apiv2][status] GET https://firebase-public.firebaseio.com/cli.json 200
[debug] [2023-03-08T16:52:03.533Z] <<< [apiv2][body] GET https://firebase-public.firebaseio.com/cli.json {"cloudBuildErrorAfter":1594252800000,"cloudBuildWarnAfter":1590019200000,"defaultNode10After":1594252800000,"minVersion":"3.0.5","node8DeploysDisabledAfter":1613390400000,"node8RuntimeDisabledAfter":1615809600000,"node8WarnAfter":1600128000000}
[debug] [2023-03-08T16:52:08.353Z] <<< [apiv2][status] POST https://cloudresourcemanager.googleapis.com/v1/projects/movie-deekho:testIamPermissions 200
[debug] [2023-03-08T16:52:08.353Z] <<< [apiv2][body] POST https://cloudresourcemanager.googleapis.com/v1/projects/movie-deekho:testIamPermissions {"permissions":["firebase.projects.get","firebasehosting.sites.update"]}
[debug] [2023-03-08T16:52:08.356Z] >>> [apiv2][query] GET https://firebase.googleapis.com/v1beta1/projects/movie-deekho [none]
[debug] [2023-03-08T16:52:13.198Z] <<< [apiv2][status] GET https://firebase.googleapis.com/v1beta1/projects/movie-deekho 200
[debug] [2023-03-08T16:52:13.199Z] <<< [apiv2][body] GET https://firebase.googleapis.com/v1beta1/projects/movie-deekho {"projectId":"movie-deekho","projectNumber":"780147613477","displayName":"movie-deekho","name":"projects/movie-deekho","resources":{"hostingSite":"movie-deekho"},"state":"ACTIVE","etag":"1_f412dff2-3912-4541-8bf5-dbf9e344a08c"}
[info] 
[info] === Deploying to 'movie-deekho'...
[info] 
[info] i  deploying hosting 
[debug] [2023-03-08T16:52:13.222Z] >>> [apiv2][query] POST https://firebasehosting.googleapis.com/v1beta1/projects/-/sites/movie-deekho/versions [none]
[debug] [2023-03-08T16:52:13.223Z] >>> [apiv2][body] POST https://firebasehosting.googleapis.com/v1beta1/projects/-/sites/movie-deekho/versions {"status":"CREATED","labels":{"deployment-tool":"cli-firebase"}}
